<?xml version="1.0" encoding="UTF-8"?>
<!-- Generated by org.testng.reporters.JUnitReportReporter -->
<testsuite hostname="Nandha-PC" name="com.org.validata.perfome" tests="2" failures="0" timestamp="13 May 2020 05:23:50 GMT" time="18.899" errors="0">
  <testcase name="condition" time="13.007" classname="com.org.validata.perfome"/>
  <testcase name="condition1" time="5.892" classname="com.org.validata.perfome"/>
</testsuite> <!-- com.org.validata.perfome -->
